<?xml version="1.0" encoding="utf-8"?><testsuites name="pytest tests"><testsuite name="pytest" errors="0" failures="0" skipped="0" tests="28" time="9.888" timestamp="2026-06-08T15:01:11.188746+00:00" hostname="agent-env-d4be0fcf-7121-41f3-8936-b9ab8d876576"><testcase classname="backend.tests.test_skyn_api.TestHealth" name="test_root" time="0.186" /><testcase classname="backend.tests.test_skyn_api.TestAuth" name="test_apple_session_creates_user" time="0.157" /><testcase classname="backend.tests.test_skyn_api.TestAuth" name="test_auth_me_with_token" time="0.045" /><testcase classname="backend.tests.test_skyn_api.TestAuth" name="test_auth_me_without_token" time="0.045" /><testcase classname="backend.tests.test_skyn_api.TestAuth" name="test_auth_me_invalid_token" time="0.045" /><testcase classname="backend.tests.test_skyn_api.TestAuth" name="test_logout_invalidates_session" time="0.208" /><testcase classname="backend.tests.test_skyn_api.TestProfile" name="test_get_profile_default" time="0.045" /><testcase classname="backend.tests.test_skyn_api.TestProfile" name="test_update_profile_new_shape" time="0.092" /><testcase classname="backend.tests.test_skyn_api.TestProfile" name="test_profile_partial_update" time="0.052" /><testcase classname="backend.tests.test_skyn_api.TestProfile" name="test_profile_requires_auth" time="0.099" /><testcase classname="backend.tests.test_skyn_api.TestReports" name="test_create_and_get_report" time="0.147" /><testcase classname="backend.tests.test_skyn_api.TestReports" name="test_report_isolation_between_users" time="0.203" /><testcase classname="backend.tests.test_skyn_api.TestReports" name="test_get_nonexistent_report" time="0.048" /><testcase classname="backend.tests.test_skyn_api.TestReports" name="test_reports_requires_auth" time="0.089" /><testcase classname="backend.tests.test_skyn_api.TestRecommendations" name="test_recommendations_requires_auth" time="0.045" /><testcase classname="backend.tests.test_skyn_api.TestRecommendations" name="test_recommendations_invalid_token" time="0.048" /><testcase classname="backend.tests.test_skyn_api.TestRecommendations" name="test_recommendations_returns_three_strings" time="4.188" /><testcase classname="backend.tests.test_skyn_api.TestRecommendations" name="test_recommendations_source_is_gpt4o_when_key_present" time="2.032" /><testcase classname="backend.tests.test_skyn_api.TestSkynEngineModules" name="test_module_files_exist" time="0.000" /><testcase classname="backend.tests.test_skyn_api.TestSkynEngineModules" name="test_modules_import_cleanly" time="0.559" /><testcase classname="backend.tests.test_skyn_api.TestSkynEngineModules" name="test_public_api_exposed" time="0.000" /><testcase classname="backend.tests.test_skyn_api.TestAnalyze" name="test_analyze_requires_auth" time="0.221" /><testcase classname="backend.tests.test_skyn_api.TestAnalyze" name="test_analyze_invalid_token" time="0.045" /><testcase classname="backend.tests.test_skyn_api.TestAnalyze" name="test_analyze_synthetic_image_fallback" time="0.681" /><testcase classname="backend.tests.test_skyn_api.TestAnalyze" name="test_analyze_real_face_image" time="0.295" /><testcase classname="backend.tests.test_skyn_api.TestAnalyze" name="test_analyze_invalid_base64" time="0.048" /><testcase classname="backend.tests.test_skyn_api.TestReportNewFields" name="test_report_with_diagnosis_and_detections" time="0.099" /><testcase classname="backend.tests.test_skyn_api.TestReportNewFields" name="test_report_without_new_fields_still_works" time="0.048" /></testsuite></testsuites>